<?xml version="1.0" encoding="UTF-8"?>
<robot generator="Robot 7.2.2 (Python 3.12.5 on win32)" generated="2025-05-29T11:06:11.366543" rpa="false" schemaversion="5">
<suite id="s1" name="Test Pet" source="c:\Iterasys\PetStoreRobot140\__tests__\test_pet.robot">
<test id="s1-t1" name="Delete pet" line="78">
<kw name="DELETE" owner="RequestsLibrary">
<msg time="2025-05-29T11:06:12.630018" level="INFO">DELETE Request : url=https://petstore.swagger.io/v2/pet/702190001 
 path_url=/v2/pet/702190001 
 headers={'User-Agent': 'python-requests/2.32.3', 'Accept-Encoding': 'gzip, deflate', 'Accept': '*/*', 'Connection': 'keep-alive', 'Content-Length': '0'} 
 body=None 
 </msg>
<msg time="2025-05-29T11:06:12.631523" level="INFO">DELETE Response : url=https://petstore.swagger.io/v2/pet/702190001 
 status=200, reason=OK 
 headers={'Date': 'Thu, 29 May 2025 14:06:12 GMT', 'Content-Type': 'application/json', 'Transfer-Encoding': 'chunked', 'Connection': 'keep-alive', 'Access-Control-Allow-Origin': '*', 'Access-Control-Allow-Methods': 'GET, POST, DELETE, PUT', 'Access-Control-Allow-Headers': 'Content-Type, api_key, Authorization', 'Server': 'Jetty(9.2.9.v20150224)'} 
 body={"code":200,"type":"unknown","message":"702190001"} 
 </msg>
<msg time="2025-05-29T11:06:12.631523" level="INFO">c:\Iterasys\PetStoreRobot140\.venv\Lib\site-packages\urllib3\connectionpool.py:1097: InsecureRequestWarning: Unverified HTTPS request is being made to host 'petstore.swagger.io'. Adding certificate verification is strongly advised. See: https://urllib3.readthedocs.io/en/latest/advanced-usage.html#tls-warnings
  warnings.warn(</msg>
<msg time="2025-05-29T11:06:12.631523" level="INFO">${response} = &lt;Response [200]&gt;</msg>
<var>${response}</var>
<arg>${{$url + '/' + $id}}</arg>
<arg>verify=${False}</arg>
<doc>Sends a DELETE request.</doc>
<status status="PASS" start="2025-05-29T11:06:11.654417" elapsed="0.978111"/>
</kw>
<kw name="Set Variable" owner="BuiltIn">
<msg time="2025-05-29T11:06:12.632528" level="INFO">${response_body} = {'code': 200, 'type': 'unknown', 'message': '702190001'}</msg>
<var>${response_body}</var>
<arg>${response.json()}</arg>
<doc>Returns the given values which can then be assigned to a variables.</doc>
<status status="PASS" start="2025-05-29T11:06:12.632528" elapsed="0.001005"/>
</kw>
<kw name="Log To Console" owner="BuiltIn">
<arg>${response_body}</arg>
<doc>Logs the given message to the console.</doc>
<status status="PASS" start="2025-05-29T11:06:12.633533" elapsed="0.000000"/>
</kw>
<kw name="Status Should Be" owner="RequestsLibrary">
<arg>200</arg>
<doc>Fails if response status code is different than the expected.</doc>
<status status="PASS" start="2025-05-29T11:06:12.634533" elapsed="0.000000"/>
</kw>
<kw name="Should Be Equal" owner="BuiltIn">
<arg>${response_body}[code]</arg>
<arg>${{int(200)}}</arg>
<doc>Fails if the given objects are unequal.</doc>
<status status="PASS" start="2025-05-29T11:06:12.635533" elapsed="0.001001"/>
</kw>
<kw name="Should Be Equal" owner="BuiltIn">
<arg>${response_body}[type]</arg>
<arg>unknown</arg>
<doc>Fails if the given objects are unequal.</doc>
<status status="PASS" start="2025-05-29T11:06:12.636534" elapsed="0.000000"/>
</kw>
<kw name="Should Be Equal" owner="BuiltIn">
<arg>${response_body}[message]</arg>
<arg>${id}</arg>
<doc>Fails if the given objects are unequal.</doc>
<status status="PASS" start="2025-05-29T11:06:12.637532" elapsed="0.000000"/>
</kw>
<status status="PASS" start="2025-05-29T11:06:11.654417" elapsed="0.983115"/>
</test>
<status status="PASS" start="2025-05-29T11:06:11.369542" elapsed="1.268991"/>
</suite>
<statistics>
<total>
<stat pass="1" fail="0" skip="0">All Tests</stat>
</total>
<tag>
</tag>
<suite>
<stat name="Test Pet" id="s1" pass="1" fail="0" skip="0">Test Pet</stat>
</suite>
</statistics>
<errors>
</errors>
</robot>
