<?xml version="1.0" encoding="UTF-8"?>
<robot generator="Robot 7.2.2 (Python 3.12.5 on win32)" generated="2025-10-22T16:22:00.575747" rpa="false" schemaversion="5">
<suite id="s1" name="Test Pet" source="c:\Iterasys\PetStoreRobot140\__tests__\test_pet.robot">
<test id="s1-t1" name="Post pet" line="20">
<kw name="Create Dictionary" owner="BuiltIn">
<msg time="2025-10-22T16:22:00.885028" level="INFO">${body} = {'id': '702190001', 'category': {'id': '1', 'name': 'cachorro'}, 'name': 'Snoopy', 'photoUrls': [], 'tags': [{'id': '1', 'name': 'vacinado'}], 'status': 'available'}</msg>
<var>${body}</var>
<arg>id=${id}</arg>
<arg>category=${category}</arg>
<arg>name=${name}</arg>
<arg>photoUrls=${photoUrls}</arg>
<arg>tags=${tags}</arg>
<arg>status=${status}</arg>
<doc>Creates and returns a dictionary based on the given ``items``.</doc>
<status status="PASS" start="2025-10-22T16:22:00.885028" elapsed="0.007895"/>
</kw>
<kw name="POST" owner="RequestsLibrary">
<msg time="2025-10-22T16:22:01.999054" level="INFO">POST Request : url=https://petstore.swagger.io/v2/pet 
 path_url=/v2/pet 
 headers={'User-Agent': 'python-requests/2.32.3', 'Accept-Encoding': 'gzip, deflate', 'Accept': '*/*', 'Connection': 'keep-alive', 'Content-Length': '165', 'Content-Type': 'application/json'} 
 body=b'{"id": "702190001", "category": {"id": "1", "name": "cachorro"}, "name": "Snoopy", "photoUrls": [], "tags": [{"id": "1", "name": "vacinado"}], "status": "available"}' 
 </msg>
<msg time="2025-10-22T16:22:01.999054" level="INFO">POST Response : url=https://petstore.swagger.io/v2/pet 
 status=200, reason=OK 
 headers={'Date': 'Wed, 22 Oct 2025 19:22:01 GMT', 'Content-Type': 'application/json', 'Transfer-Encoding': 'chunked', 'Connection': 'keep-alive', 'Access-Control-Allow-Origin': '*', 'Access-Control-Allow-Methods': 'GET, POST, DELETE, PUT', 'Access-Control-Allow-Headers': 'Content-Type, api_key, Authorization', 'Server': 'Jetty(9.2.9.v20150224)'} 
 body={"id":702190001,"category":{"id":1,"name":"cachorro"},"name":"Snoopy","photoUrls":[],"tags":[{"id":1,"name":"vacinado"}],"status":"available"} 
 </msg>
<msg time="2025-10-22T16:22:01.999054" level="INFO">c:\Iterasys\PetStoreRobot140\.venv\Lib\site-packages\urllib3\connectionpool.py:1097: InsecureRequestWarning: Unverified HTTPS request is being made to host 'petstore.swagger.io'. Adding certificate verification is strongly advised. See: https://urllib3.readthedocs.io/en/latest/advanced-usage.html#tls-warnings
  warnings.warn(</msg>
<msg time="2025-10-22T16:22:01.999054" level="INFO">${response} = &lt;Response [200]&gt;</msg>
<var>${response}</var>
<arg>url=${url}</arg>
<arg>json=${body}</arg>
<arg>verify=${False}</arg>
<doc>Sends a POST request.</doc>
<status status="PASS" start="2025-10-22T16:22:00.892923" elapsed="1.106131"/>
</kw>
<kw name="Set Variable" owner="BuiltIn">
<msg time="2025-10-22T16:22:01.999054" level="INFO">${response_body} = {'id': 702190001, 'category': {'id': 1, 'name': 'cachorro'}, 'name': 'Snoopy', 'photoUrls': [], 'tags': [{'id': 1, 'name': 'vacinado'}], 'status': 'available'}</msg>
<var>${response_body}</var>
<arg>${response.json()}</arg>
<doc>Returns the given values which can then be assigned to a variables.</doc>
<status status="PASS" start="2025-10-22T16:22:01.999054" elapsed="0.000000"/>
</kw>
<kw name="Log To Console" owner="BuiltIn">
<arg>${response_body}</arg>
<doc>Logs the given message to the console.</doc>
<status status="PASS" start="2025-10-22T16:22:02.002249" elapsed="0.000000"/>
</kw>
<kw name="Status Should Be" owner="RequestsLibrary">
<arg>200</arg>
<doc>Fails if response status code is different than the expected.</doc>
<status status="PASS" start="2025-10-22T16:22:02.002249" elapsed="0.000000"/>
</kw>
<kw name="Should Be Equal" owner="BuiltIn">
<arg>${response_body}[id]</arg>
<arg>${{int($id)}}</arg>
<doc>Fails if the given objects are unequal.</doc>
<status status="PASS" start="2025-10-22T16:22:02.002249" elapsed="0.002004"/>
</kw>
<kw name="Should Be Equal" owner="BuiltIn">
<arg>${response_body}[name]</arg>
<arg>${name}</arg>
<doc>Fails if the given objects are unequal.</doc>
<status status="PASS" start="2025-10-22T16:22:02.004253" elapsed="0.000000"/>
</kw>
<kw name="Should Be Equal" owner="BuiltIn">
<arg>${response_body}[tags][0][id]</arg>
<arg>${{int(${tag}[id])}}</arg>
<doc>Fails if the given objects are unequal.</doc>
<status status="PASS" start="2025-10-22T16:22:02.004253" elapsed="0.002004"/>
</kw>
<kw name="Should Be Equal" owner="BuiltIn">
<arg>${response_body}[tags][0][name]</arg>
<arg>${tag}[name]</arg>
<doc>Fails if the given objects are unequal.</doc>
<status status="PASS" start="2025-10-22T16:22:02.006257" elapsed="0.000000"/>
</kw>
<kw name="Should Be Equal" owner="BuiltIn">
<arg>${response_body}[status]</arg>
<arg>${status}</arg>
<doc>Fails if the given objects are unequal.</doc>
<status status="PASS" start="2025-10-22T16:22:02.006257" elapsed="0.000000"/>
</kw>
<status status="PASS" start="2025-10-22T16:22:00.885028" elapsed="1.121229"/>
</test>
<status status="PASS" start="2025-10-22T16:22:00.578748" elapsed="1.427509"/>
</suite>
<statistics>
<total>
<stat pass="1" fail="0" skip="0">All Tests</stat>
</total>
<tag>
</tag>
<suite>
<stat name="Test Pet" id="s1" pass="1" fail="0" skip="0">Test Pet</stat>
</suite>
</statistics>
<errors>
</errors>
</robot>
